[debug] [2023-12-01T16:35:21.741Z] ----------------------------------------------------------------------
[debug] [2023-12-01T16:35:21.745Z] Command:       /usr/local/bin/node /usr/local/bin/firebase deploy --only hosting
[debug] [2023-12-01T16:35:21.745Z] CLI Version:   12.9.1
[debug] [2023-12-01T16:35:21.745Z] Platform:      darwin
[debug] [2023-12-01T16:35:21.746Z] Node Version:  v21.1.0
[debug] [2023-12-01T16:35:21.746Z] Time:          Fri Dec 01 2023 10:35:21 GMT-0600 (Central Standard Time)
[debug] [2023-12-01T16:35:21.746Z] ----------------------------------------------------------------------
[debug] 
[debug] [2023-12-01T16:35:21.824Z] > command requires scopes: ["email","openid","https://www.googleapis.com/auth/cloudplatformprojects.readonly","https://www.googleapis.com/auth/firebase","https://www.googleapis.com/auth/cloud-platform"]
[debug] [2023-12-01T16:35:21.824Z] > authorizing via signed-in user (intellectuals.dev@gmail.com)
[debug] [2023-12-01T16:35:21.825Z] [iam] checking project webapp for permissions ["firebase.projects.get","firebasehosting.sites.update"]
[debug] [2023-12-01T16:35:21.827Z] >>> [apiv2][query] POST https://cloudresourcemanager.googleapis.com/v1/projects/webapp:testIamPermissions [none]
[debug] [2023-12-01T16:35:21.827Z] >>> [apiv2][(partial)header] POST https://cloudresourcemanager.googleapis.com/v1/projects/webapp:testIamPermissions x-goog-quota-user=projects/webapp
[debug] [2023-12-01T16:35:21.828Z] >>> [apiv2][body] POST https://cloudresourcemanager.googleapis.com/v1/projects/webapp:testIamPermissions {"permissions":["firebase.projects.get","firebasehosting.sites.update"]}
[debug] [2023-12-01T16:35:22.491Z] <<< [apiv2][status] POST https://cloudresourcemanager.googleapis.com/v1/projects/webapp:testIamPermissions 200
[debug] [2023-12-01T16:35:22.492Z] <<< [apiv2][body] POST https://cloudresourcemanager.googleapis.com/v1/projects/webapp:testIamPermissions {}
[debug] [2023-12-01T16:35:22.492Z] [iam] error while checking permissions, command may fail: FirebaseError: Authorization failed. This account is missing the following required permissions on project webapp:

  firebase.projects.get
  firebasehosting.sites.update
[debug] [2023-12-01T16:35:22.493Z] >>> [apiv2][query] GET https://firebase.googleapis.com/v1beta1/projects/webapp [none]
[debug] [2023-12-01T16:35:22.998Z] <<< [apiv2][status] GET https://firebase.googleapis.com/v1beta1/projects/webapp 403
[debug] [2023-12-01T16:35:22.999Z] <<< [apiv2][body] GET https://firebase.googleapis.com/v1beta1/projects/webapp {"error":{"code":403,"message":"The caller does not have permission","status":"PERMISSION_DENIED"}}
[debug] [2023-12-01T16:35:22.999Z] HTTP Error: 403, The caller does not have permission
[error] 
[error] Error: Assertion failed: resolving hosting target of a site with no site name or target name. This should have caused an error earlier
